<?xml version="1.0" encoding="UTF-8"?>
<testsuite name="jp.co.topgate.sekiguchi.kai.ResponseContentsMakerTest" tests="2" skipped="0" failures="0" errors="0" timestamp="2016-11-11T11:55:29" hostname="SekiguchiKai-1.local" time="0.001">
  <properties/>
  <testcase name="testMakeStatusLine" classname="jp.co.topgate.sekiguchi.kai.ResponseContentsMakerTest" time="0.001"/>
  <testcase name="testMakeResponseHeader" classname="jp.co.topgate.sekiguchi.kai.ResponseContentsMakerTest" time="0.0"/>
  <system-out><![CDATA[]]></system-out>
  <system-err><![CDATA[]]></system-err>
</testsuite>
