<?xml version="1.0" encoding="UTF-8"?>
<testsuite name="jp.co.topgate.sekiguchi.kai.HTTPRequestTest" tests="4" skipped="0" failures="0" errors="0" timestamp="2016-11-11T11:55:29" hostname="SekiguchiKai-1.local" time="0.009">
  <properties/>
  <testcase name="testGetRequestLine" classname="jp.co.topgate.sekiguchi.kai.HTTPRequestTest" time="0.001"/>
  <testcase name="testGetResourceExt" classname="jp.co.topgate.sekiguchi.kai.HTTPRequestTest" time="0.001"/>
  <testcase name="testGetRequestResource" classname="jp.co.topgate.sekiguchi.kai.HTTPRequestTest" time="0.0"/>
  <testcase name="testGetgetRequestURI" classname="jp.co.topgate.sekiguchi.kai.HTTPRequestTest" time="0.0"/>
  <system-out><![CDATA[リクエストラインはGET /cat.jpeg HTTP/1.1
ここでのrequestURIは/cat.jpeg
指定されたファイルの拡張子はjpeg
クライアントが求めているリソースはsrc/main/resources/cat.jpeg
クライアントから送信されてきたリクエストURIは/cat.jpeg
]]></system-out>
  <system-err><![CDATA[]]></system-err>
</testsuite>
