<?xml version="1.0" encoding="UTF-8"?>
<testsuite name="FileReaderTest" tests="1" skipped="0" failures="0" errors="0" timestamp="2016-11-11T11:53:26" hostname="SekiguchiKai-1.local" time="0.004">
  <properties/>
  <testcase name="testConfirmExistence" classname="FileReaderTest" time="0.004"/>
  <system-out><![CDATA[ファイルの存在を確かめます
ファイルが存在しました
ファイルの存在を確かめます
ファイルが存在しました
ファイルの存在を確かめます
ファイルが存在しました
ファイルの存在を確かめます
ファイルが存在しました
ファイルの存在を確かめます
ファイルが存在しました
ファイルの存在を確かめます
ファイルが存在しました
ファイルの存在を確かめます
ファイルが存在しませんでした
ファイルの存在を確かめます
ファイルが存在しませんでした
ファイルの存在を確かめます
ファイルが存在しませんでした
ファイルの存在を確かめます
ファイルが存在しませんでした
ファイルの存在を確かめます
ファイルが存在しませんでした
ファイルの存在を確かめます
ファイルが存在しませんでした
]]></system-out>
  <system-err><![CDATA[]]></system-err>
</testsuite>
