<?xml version="1.0" encoding="UTF-8"?>
<testsuite name="ResponseContentsMakerTest" tests="2" skipped="0" failures="0" errors="0" timestamp="2016-11-11T11:53:26" hostname="SekiguchiKai-1.local" time="0.0">
  <properties/>
  <testcase name="testMakeStatusLine" classname="ResponseContentsMakerTest" time="0.0"/>
  <testcase name="testMakeResponseHeader" classname="ResponseContentsMakerTest" time="0.0"/>
  <system-out><![CDATA[]]></system-out>
  <system-err><![CDATA[]]></system-err>
</testsuite>
